app/build/intermediates/manifest_merge_blame_file/debug/manifest-merger-blame-debug-report.txt
1<?xml version="1.0" encoding="utf-8"?>
2<manifest xmlns:android="http://schemas.android.com/apk/res/android"
3    package="de.ynd"
4    android:versionCode="1"
5    android:versionName="1.0" >
6
7    <uses-sdk
8        android:minSdkVersion="23"
8-->src/main/AndroidManifest.xml
9        android:targetSdkVersion="29" />
9-->src/main/AndroidManifest.xml
10
11    <uses-permission android:name="android.permission.USE_BIOMETRIC" />
11-->[androidx.biometric:biometric:1.0.1] AndroidManifest.xml:24:5-72
11-->[androidx.biometric:biometric:1.0.1] AndroidManifest.xml:24:22-69
12    <uses-permission android:name="android.permission.USE_FINGERPRINT" />
12-->[androidx.biometric:biometric:1.0.1] AndroidManifest.xml:25:5-74
12-->[androidx.biometric:biometric:1.0.1] AndroidManifest.xml:25:22-71
13    <uses-permission android:name="android.permission.INTERNET" />
13-->[com.crashlytics.sdk.android:crashlytics:2.10.1] AndroidManifest.xml:16:5-67
13-->[com.crashlytics.sdk.android:crashlytics:2.10.1] AndroidManifest.xml:16:22-64
14
15    <application
15-->src/main/AndroidManifest.xml:5:5-21:19
16        android:name="de.ynd.RecruitmentApplication"
16-->src/main/AndroidManifest.xml:6:9-47
17        android:allowBackup="false"
17-->src/main/AndroidManifest.xml:7:9-36
18        android:appComponentFactory="androidx.core.app.CoreComponentFactory"
18-->[androidx.core:core:1.3.0] AndroidManifest.xml:24:18-86
19        android:debuggable="true"
20        android:extractNativeLibs="false"
21        android:icon="@mipmap/ic_launcher"
21-->src/main/AndroidManifest.xml:8:9-43
22        android:label="@string/app_name"
22-->src/main/AndroidManifest.xml:9:9-41
23        android:roundIcon="@mipmap/ic_launcher_round"
23-->src/main/AndroidManifest.xml:10:9-54
24        android:supportsRtl="true"
24-->src/main/AndroidManifest.xml:11:9-35
25        android:theme="@style/AppTheme" >
25-->src/main/AndroidManifest.xml:12:9-40
26        <activity android:name="de.ynd.ui.MainActivity" >
26-->src/main/AndroidManifest.xml:14:9-20:20
26-->src/main/AndroidManifest.xml:14:19-50
27            <intent-filter>
27-->src/main/AndroidManifest.xml:15:13-19:29
28                <action android:name="android.intent.action.MAIN" />
28-->src/main/AndroidManifest.xml:16:17-69
28-->src/main/AndroidManifest.xml:16:25-66
29
30                <category android:name="android.intent.category.LAUNCHER" />
30-->src/main/AndroidManifest.xml:18:17-77
30-->src/main/AndroidManifest.xml:18:27-74
31            </intent-filter>
32        </activity>
33        <activity
33-->[androidx.biometric:biometric:1.0.1] AndroidManifest.xml:28:9-31:67
34            android:name="androidx.biometric.DeviceCredentialHandlerActivity"
34-->[androidx.biometric:biometric:1.0.1] AndroidManifest.xml:29:13-78
35            android:exported="true"
35-->[androidx.biometric:biometric:1.0.1] AndroidManifest.xml:30:13-36
36            android:theme="@style/DeviceCredentialHandlerTheme" />
36-->[androidx.biometric:biometric:1.0.1] AndroidManifest.xml:31:13-64
37
38        <provider
38-->[com.crashlytics.sdk.android:crashlytics:2.10.1] AndroidManifest.xml:19:9-23:38
39            android:name="com.crashlytics.android.CrashlyticsInitProvider"
39-->[com.crashlytics.sdk.android:crashlytics:2.10.1] AndroidManifest.xml:20:13-75
40            android:authorities="de.ynd.crashlyticsinitprovider"
40-->[com.crashlytics.sdk.android:crashlytics:2.10.1] AndroidManifest.xml:21:13-75
41            android:exported="false"
41-->[com.crashlytics.sdk.android:crashlytics:2.10.1] AndroidManifest.xml:22:13-37
42            android:initOrder="90" />
42-->[com.crashlytics.sdk.android:crashlytics:2.10.1] AndroidManifest.xml:23:13-35
43        <provider
43-->[androidx.lifecycle:lifecycle-process:2.2.0] AndroidManifest.xml:25:9-29:43
44            android:name="androidx.lifecycle.ProcessLifecycleOwnerInitializer"
44-->[androidx.lifecycle:lifecycle-process:2.2.0] AndroidManifest.xml:26:13-79
45            android:authorities="de.ynd.lifecycle-process"
45-->[androidx.lifecycle:lifecycle-process:2.2.0] AndroidManifest.xml:27:13-69
46            android:exported="false"
46-->[androidx.lifecycle:lifecycle-process:2.2.0] AndroidManifest.xml:28:13-37
47            android:multiprocess="true" />
47-->[androidx.lifecycle:lifecycle-process:2.2.0] AndroidManifest.xml:29:13-40
48    </application>
49
50</manifest>